2024-11-11T04:46:50+00:00 ERROR Authentication failed
2024-11-11T04:47:02+00:00 ERROR Authentication failed
2024-11-11T04:48:00+00:00 INFO Execute one_cc_plugin_sync_cron successful
2024-11-11T04:48:02+00:00 ERROR Authentication failed
2024-11-11T04:49:56+00:00 ERROR Authentication failed
2024-11-11T04:50:01+00:00 ERROR Authentication failed
2024-11-11T04:50:07+00:00 ERROR Authentication failed
2024-11-11T04:50:25+00:00 ERROR Authentication failed
2024-11-11T04:53:39+00:00 ERROR Authentication failed
2024-11-11T04:56:33+00:00 ERROR Authentication failed
2024-11-11T04:59:53+00:00 ERROR Authentication failed
2024-11-11T05:26:44+00:00 ERROR Authentication failed
2024-11-11T05:27:01+00:00 ERROR Authentication failed
2024-11-11T05:33:15+00:00 ERROR Authentication failed
2024-11-11T05:33:39+00:00 ERROR Authentication failed
2024-11-11T05:33:51+00:00 ERROR Authentication failed
2024-11-11T05:35:15+00:00 ERROR Authentication failed
2024-11-11T05:35:20+00:00 ERROR Authentication failed
2024-11-11T05:36:02+00:00 ERROR Authentication failed
2024-11-11T05:36:08+00:00 ERROR Authentication failed
2024-11-11T05:36:44+00:00 ERROR Authentication failed
2024-11-11T05:36:49+00:00 ERROR Authentication failed
2024-11-11T05:36:58+00:00 ERROR Authentication failed
2024-11-11T05:37:07+00:00 ERROR Authentication failed
2024-11-11T05:37:25+00:00 ERROR Authentication failed
2024-11-11T05:37:29+00:00 ERROR Authentication failed
2024-11-11T05:37:42+00:00 ERROR Authentication failed
2024-11-11T05:38:15+00:00 ERROR Authentication failed
2024-11-11T05:38:20+00:00 ERROR Authentication failed
2024-11-11T05:38:31+00:00 ERROR Authentication failed
2024-11-11T06:09:43+00:00 ERROR Authentication failed
2024-11-11T06:11:14+00:00 ERROR Authentication failed
2024-11-11T06:11:16+00:00 ERROR Authentication failed
2024-11-11T06:11:25+00:00 ERROR Authentication failed
2024-11-11T06:12:06+00:00 ERROR Authentication failed
2024-11-11T06:12:12+00:00 ERROR Authentication failed
2024-11-11T06:20:02+00:00 ERROR Authentication failed
2024-11-11T06:20:10+00:00 ERROR Authentication failed
2024-11-11T06:21:06+00:00 ERROR Authentication failed
2024-11-11T06:21:15+00:00 ERROR Authentication failed
2024-11-11T06:21:22+00:00 ERROR Authentication failed
2024-11-11T06:22:23+00:00 ERROR Authentication failed
2024-11-11T06:22:25+00:00 ERROR Authentication failed
2024-11-11T06:23:01+00:00 ERROR Authentication failed
2024-11-11T06:23:02+00:00 ERROR Authentication failed
2024-11-11T06:23:07+00:00 ERROR Authentication failed
2024-11-11T06:25:06+00:00 ERROR Authentication failed
2024-11-11T06:25:14+00:00 ERROR Authentication failed
2024-11-11T06:25:35+00:00 ERROR Authentication failed
2024-11-11T06:25:48+00:00 ERROR Authentication failed
2024-11-11T06:25:50+00:00 ERROR Authentication failed
2024-11-11T06:26:09+00:00 ERROR Authentication failed
2024-11-11T06:35:06+00:00 ERROR Authentication failed
2024-11-11T06:35:09+00:00 ERROR Authentication failed
2024-11-11T06:35:37+00:00 ERROR Authentication failed
2024-11-11T06:36:26+00:00 ERROR Authentication failed
2024-11-11T06:36:54+00:00 INFO Trying to create one_cc_address_sync_cron
2024-11-11T06:36:54+00:00 INFO Failed to create one_cc_address_sync_cron as invalid one cc merchant
2024-11-11T06:36:54+00:00 INFO Attempting to delete one_cc_address_sync_cron, status: cancelled, message: invalid_1cc_merchant
2024-11-11T06:36:54+00:00 INFO Deleted one_cc_address_sync_cron  if exists
2024-11-11T06:36:54+00:00 INFO updateAddressSyncCronData: status=cancelled, message=invalid_1cc_merchant, cronStatus=deleted
2024-11-11T06:36:54+00:00 INFO create one_cc_plugin_sync_cron successful
2024-11-11T06:37:11+00:00 ERROR Authentication failed
2024-11-11T06:37:23+00:00 ERROR Authentication failed
2024-11-11T06:38:35+00:00 ERROR Authentication failed
2024-11-11T06:40:45+00:00 ERROR Authentication failed
2024-11-11T06:41:09+00:00 ERROR Authentication failed
2024-11-11T06:41:12+00:00 ERROR Authentication failed
2024-11-11T06:41:55+00:00 ERROR Authentication failed
2024-11-11T06:44:40+00:00 ERROR Authentication failed
2024-11-11T06:45:04+00:00 ERROR Authentication failed
2024-11-11T06:45:12+00:00 ERROR Authentication failed
2024-11-11T06:45:25+00:00 ERROR Authentication failed
2024-11-11T06:45:38+00:00 ERROR Authentication failed
2024-11-11T06:45:48+00:00 ERROR Authentication failed
2024-11-11T06:46:00+00:00 ERROR Authentication failed
2024-11-11T06:46:03+00:00 ERROR Authentication failed
2024-11-11T06:46:09+00:00 ERROR Authentication failed
2024-11-11T06:49:00+00:00 ERROR Authentication failed
2024-11-11T06:49:04+00:00 ERROR Authentication failed
2024-11-11T06:49:29+00:00 ERROR Authentication failed
2024-11-11T06:49:33+00:00 ERROR Authentication failed
2024-11-11T06:49:42+00:00 ERROR Authentication failed
2024-11-11T06:50:09+00:00 ERROR Authentication failed
2024-11-11T06:50:28+00:00 ERROR Authentication failed
2024-11-11T06:52:41+00:00 ERROR Authentication failed
2024-11-11T06:52:49+00:00 ERROR Authentication failed
2024-11-11T06:53:24+00:00 ERROR Authentication failed
2024-11-11T06:53:28+00:00 ERROR Authentication failed
2024-11-11T06:54:39+00:00 ERROR Authentication failed
2024-11-11T06:55:22+00:00 ERROR Authentication failed
2024-11-11T06:55:44+00:00 ERROR Authentication failed
2024-11-11T06:55:56+00:00 ERROR Authentication failed
2024-11-11T06:57:02+00:00 ERROR Authentication failed
2024-11-11T06:57:44+00:00 ERROR Authentication failed
2024-11-11T06:57:53+00:00 ERROR Authentication failed
2024-11-11T06:58:06+00:00 ERROR Authentication failed
2024-11-11T06:58:11+00:00 ERROR Authentication failed
2024-11-11T06:58:27+00:00 ERROR Authentication failed
2024-11-11T06:58:31+00:00 ERROR Authentication failed
2024-11-11T06:58:41+00:00 ERROR Authentication failed
2024-11-11T06:58:57+00:00 ERROR Authentication failed
2024-11-11T07:03:11+00:00 ERROR Authentication failed
2024-11-11T07:03:26+00:00 ERROR Authentication failed
2024-11-11T07:04:17+00:00 ERROR Authentication failed
2024-11-11T07:04:25+00:00 ERROR Authentication failed
2024-11-11T07:04:27+00:00 ERROR Authentication failed
2024-11-11T07:05:08+00:00 ERROR Authentication failed
2024-11-11T07:05:46+00:00 ERROR Authentication failed
2024-11-11T07:06:03+00:00 ERROR Authentication failed
2024-11-11T07:06:48+00:00 ERROR Authentication failed
2024-11-11T07:07:03+00:00 ERROR Authentication failed
2024-11-11T07:07:08+00:00 ERROR Authentication failed
2024-11-11T07:07:33+00:00 ERROR Authentication failed
2024-11-11T07:07:53+00:00 ERROR Authentication failed
2024-11-11T07:08:01+00:00 ERROR Authentication failed
2024-11-11T07:08:21+00:00 ERROR Authentication failed
2024-11-11T07:08:25+00:00 ERROR Authentication failed
2024-11-11T07:08:50+00:00 ERROR Authentication failed
2024-11-11T07:08:54+00:00 ERROR Authentication failed
2024-11-11T07:09:27+00:00 ERROR Authentication failed
2024-11-11T07:09:38+00:00 ERROR Authentication failed
2024-11-11T07:09:55+00:00 ERROR Authentication failed
2024-11-11T07:10:19+00:00 ERROR Authentication failed
2024-11-11T07:10:35+00:00 ERROR Authentication failed
2024-11-11T07:11:11+00:00 ERROR Authentication failed
2024-11-11T07:12:46+00:00 ERROR Authentication failed
2024-11-11T07:12:58+00:00 ERROR Authentication failed
2024-11-11T07:18:17+00:00 ERROR Authentication failed
2024-11-11T07:18:28+00:00 ERROR Authentication failed
2024-11-11T07:18:37+00:00 ERROR Authentication failed
2024-11-11T07:19:01+00:00 ERROR Authentication failed
2024-11-11T07:19:05+00:00 ERROR Authentication failed
2024-11-11T07:19:59+00:00 ERROR Authentication failed
2024-11-11T07:20:36+00:00 ERROR Authentication failed
2024-11-11T07:20:48+00:00 ERROR Authentication failed
2024-11-11T07:21:12+00:00 ERROR Authentication failed
2024-11-11T07:21:16+00:00 ERROR Authentication failed
2024-11-11T07:21:37+00:00 ERROR Authentication failed
2024-11-11T07:22:44+00:00 ERROR Authentication failed
2024-11-11T07:25:40+00:00 ERROR Authentication failed
2024-11-11T07:30:29+00:00 ERROR Authentication failed
2024-11-11T07:31:40+00:00 ERROR Authentication failed
2024-11-11T07:32:41+00:00 ERROR Authentication failed
2024-11-11T07:40:48+00:00 ERROR Authentication failed
2024-11-11T09:15:01+00:00 ERROR Authentication failed
2024-11-11T09:21:55+00:00 ERROR Authentication failed
2024-11-11T09:22:00+00:00 ERROR Authentication failed
