2024-11-10T13:44:52+00:00 ERROR Authentication failed
2024-11-10T13:45:09+00:00 ERROR Authentication failed
2024-11-10T13:47:40+00:00 ERROR Authentication failed
2024-11-10T13:48:02+00:00 ERROR Authentication failed
2024-11-10T13:51:40+00:00 ERROR Authentication failed
2024-11-10T14:01:13+00:00 ERROR Authentication failed
2024-11-10T14:01:15+00:00 ERROR Authentication failed
2024-11-10T14:01:49+00:00 ERROR Authentication failed
2024-11-10T14:02:23+00:00 ERROR Authentication failed
2024-11-10T14:02:33+00:00 ERROR Authentication failed
2024-11-10T14:02:41+00:00 ERROR Authentication failed
2024-11-10T14:04:26+00:00 ERROR Authentication failed
2024-11-10T14:05:06+00:00 ERROR Authentication failed
2024-11-10T14:06:49+00:00 ERROR Authentication failed
2024-11-10T14:06:51+00:00 ERROR Authentication failed
2024-11-10T14:07:02+00:00 ERROR Authentication failed
2024-11-10T14:07:47+00:00 ERROR Authentication failed
2024-11-10T14:07:51+00:00 ERROR Authentication failed
2024-11-10T14:08:00+00:00 ERROR Authentication failed
2024-11-10T14:08:47+00:00 ERROR Authentication failed
2024-11-10T14:09:30+00:00 ERROR Authentication failed
2024-11-10T14:10:09+00:00 ERROR Authentication failed
2024-11-10T14:10:17+00:00 ERROR Authentication failed
2024-11-10T14:11:19+00:00 ERROR Authentication failed
2024-11-10T14:12:40+00:00 ERROR Authentication failed
2024-11-10T14:15:25+00:00 ERROR Authentication failed
2024-11-10T14:20:43+00:00 ERROR Authentication failed
2024-11-10T14:20:45+00:00 ERROR Authentication failed
2024-11-10T14:20:53+00:00 ERROR Authentication failed
2024-11-10T14:21:05+00:00 ERROR Authentication failed
2024-11-10T14:21:11+00:00 ERROR Authentication failed
2024-11-10T14:21:26+00:00 ERROR Authentication failed
2024-11-10T14:21:27+00:00 ERROR Authentication failed
2024-11-10T14:21:39+00:00 ERROR Authentication failed
2024-11-10T14:22:03+00:00 ERROR Authentication failed
2024-11-10T14:22:09+00:00 ERROR Authentication failed
2024-11-10T14:22:23+00:00 ERROR Authentication failed
2024-11-10T14:22:25+00:00 ERROR Authentication failed
2024-11-10T14:22:33+00:00 ERROR Authentication failed
2024-11-10T14:22:57+00:00 ERROR Authentication failed
2024-11-10T14:22:59+00:00 ERROR Authentication failed
2024-11-10T14:23:05+00:00 ERROR Authentication failed
2024-11-10T14:23:16+00:00 ERROR Authentication failed
2024-11-10T14:23:34+00:00 ERROR Authentication failed
2024-11-10T14:23:40+00:00 ERROR Authentication failed
2024-11-10T14:24:06+00:00 ERROR Authentication failed
2024-11-10T14:26:06+00:00 ERROR Authentication failed
2024-11-10T14:26:07+00:00 ERROR Authentication failed
2024-11-10T14:26:08+00:00 ERROR Authentication failed
2024-11-10T14:26:09+00:00 ERROR Authentication failed
2024-11-10T14:26:22+00:00 ERROR Authentication failed
2024-11-10T14:26:36+00:00 ERROR Authentication failed
2024-11-10T14:26:46+00:00 ERROR Authentication failed
2024-11-10T14:27:08+00:00 ERROR Authentication failed
2024-11-10T14:27:29+00:00 ERROR Authentication failed
2024-11-10T14:30:06+00:00 ERROR Authentication failed
2024-11-10T14:30:08+00:00 ERROR Authentication failed
2024-11-10T14:31:47+00:00 ERROR Authentication failed
2024-11-10T15:00:00+00:00 ERROR Authentication failed
2024-11-10T15:00:01+00:00 ERROR Authentication failed
2024-11-10T15:01:07+00:00 INFO Trying to create one_cc_address_sync_cron
2024-11-10T15:01:07+00:00 INFO Failed to create one_cc_address_sync_cron as invalid one cc merchant
2024-11-10T15:01:07+00:00 INFO Attempting to delete one_cc_address_sync_cron, status: cancelled, message: invalid_1cc_merchant
2024-11-10T15:01:07+00:00 INFO Deleted one_cc_address_sync_cron  if exists
2024-11-10T15:01:07+00:00 INFO updateAddressSyncCronData: status=cancelled, message=invalid_1cc_merchant, cronStatus=deleted
2024-11-10T15:01:07+00:00 INFO updateAddressSyncCronData:530 - Updating option: ONE_CC_ADDRESS_SYNC_CRON_HOOK
2024-11-10T15:01:07+00:00 INFO updateAddressSyncCronData:532 -  Successfully Updated Option: ONE_CC_ADDRESS_SYNC_CRON_HOOK
2024-11-10T15:01:07+00:00 INFO create one_cc_plugin_sync_cron successful
2024-11-10T15:01:55+00:00 ERROR Authentication failed
2024-11-10T15:07:41+00:00 ERROR Authentication failed
2024-11-10T15:07:50+00:00 ERROR Authentication failed
2024-11-10T15:08:08+00:00 ERROR Authentication failed
2024-11-10T15:08:10+00:00 ERROR Authentication failed
2024-11-10T15:08:29+00:00 ERROR Authentication failed
2024-11-10T15:09:24+00:00 ERROR Authentication failed
2024-11-10T15:09:29+00:00 ERROR Authentication failed
2024-11-10T15:09:41+00:00 ERROR Authentication failed
2024-11-10T15:10:09+00:00 ERROR Authentication failed
2024-11-10T15:10:10+00:00 ERROR Authentication failed
2024-11-10T15:10:27+00:00 ERROR Authentication failed
2024-11-10T15:10:36+00:00 ERROR Authentication failed
2024-11-10T15:10:46+00:00 ERROR Authentication failed
2024-11-10T15:10:55+00:00 ERROR Authentication failed
2024-11-10T15:11:08+00:00 ERROR Authentication failed
2024-11-10T15:15:58+00:00 ERROR Authentication failed
2024-11-10T15:16:37+00:00 ERROR Authentication failed
2024-11-10T15:16:39+00:00 ERROR Authentication failed
2024-11-10T15:16:54+00:00 ERROR Authentication failed
2024-11-10T15:17:05+00:00 ERROR Authentication failed
2024-11-10T15:17:26+00:00 ERROR Authentication failed
2024-11-10T15:17:28+00:00 ERROR Authentication failed
2024-11-10T15:17:39+00:00 ERROR Authentication failed
2024-11-10T15:17:53+00:00 ERROR Authentication failed
2024-11-10T15:18:04+00:00 ERROR Authentication failed
2024-11-10T16:00:26+00:00 ERROR Authentication failed
2024-11-10T16:08:35+00:00 ERROR Authentication failed
2024-11-10T16:18:43+00:00 ERROR Authentication failed
2024-11-10T16:22:28+00:00 ERROR Authentication failed
2024-11-10T16:26:45+00:00 ERROR Authentication failed
2024-11-10T16:30:43+00:00 ERROR Authentication failed
2024-11-10T16:59:07+00:00 ERROR Authentication failed
2024-11-10T17:14:17+00:00 ERROR Authentication failed
2024-11-10T17:20:26+00:00 ERROR Authentication failed
2024-11-10T17:21:31+00:00 ERROR Authentication failed
2024-11-10T17:33:41+00:00 ERROR Authentication failed
2024-11-10T17:33:49+00:00 ERROR Authentication failed
2024-11-10T17:34:30+00:00 ERROR Authentication failed
2024-11-10T17:34:30+00:00 ERROR Authentication failed
2024-11-10T17:34:53+00:00 ERROR Authentication failed
2024-11-10T17:35:20+00:00 ERROR Authentication failed
2024-11-10T17:41:24+00:00 ERROR Authentication failed
2024-11-10T17:42:43+00:00 ERROR Authentication failed
2024-11-10T17:42:45+00:00 ERROR Authentication failed
2024-11-10T17:42:46+00:00 ERROR Authentication failed
2024-11-10T17:42:48+00:00 ERROR Authentication failed
2024-11-10T17:43:58+00:00 ERROR Authentication failed
2024-11-10T17:44:15+00:00 ERROR Authentication failed
2024-11-10T17:44:17+00:00 ERROR Authentication failed
2024-11-10T17:44:24+00:00 ERROR Authentication failed
2024-11-10T17:44:31+00:00 ERROR Authentication failed
2024-11-10T17:45:40+00:00 ERROR Authentication failed
2024-11-10T17:45:57+00:00 ERROR Authentication failed
2024-11-10T17:46:00+00:00 ERROR Authentication failed
2024-11-10T17:46:36+00:00 ERROR Authentication failed
2024-11-10T17:46:49+00:00 ERROR Authentication failed
2024-11-10T17:46:51+00:00 ERROR Authentication failed
2024-11-10T17:46:59+00:00 ERROR Authentication failed
2024-11-10T17:47:05+00:00 ERROR Authentication failed
2024-11-10T17:47:20+00:00 ERROR Authentication failed
2024-11-10T17:48:30+00:00 ERROR Authentication failed
2024-11-10T17:49:02+00:00 ERROR Authentication failed
2024-11-10T17:49:06+00:00 ERROR Authentication failed
2024-11-10T17:51:01+00:00 ERROR Authentication failed
2024-11-10T17:51:10+00:00 ERROR Authentication failed
2024-11-10T17:51:32+00:00 ERROR Authentication failed
2024-11-10T17:51:50+00:00 ERROR Authentication failed
2024-11-10T17:51:54+00:00 ERROR Authentication failed
2024-11-10T17:51:56+00:00 ERROR Authentication failed
2024-11-10T17:52:47+00:00 ERROR Authentication failed
2024-11-10T17:52:48+00:00 ERROR Authentication failed
2024-11-10T17:52:59+00:00 ERROR Authentication failed
2024-11-10T17:53:00+00:00 ERROR Authentication failed
2024-11-10T17:53:28+00:00 ERROR Authentication failed
2024-11-10T17:53:29+00:00 ERROR Authentication failed
2024-11-10T17:53:34+00:00 ERROR Authentication failed
2024-11-10T17:53:35+00:00 ERROR Authentication failed
